<?xml version="1.0" encoding="UTF-8"?>
<!-- Generated by org.testng.reporters.JUnitXMLReporter -->
<testsuite ignored="1" hostname="LTIN368296" failures="0" tests="2" name="GroupTest" time="55.839" errors="0" timestamp="2024-11-10T20:19:43 IST">
  <testcase classname="testCases.TC002_CourseCountTest" name="testFilterFunction" time="8.652"/>
  <testcase classname="testCases.TC003_ErrorMessageTest" name="testErrorMessage" time="14.145"/>
  <testcase classname="testCases.TC001_CourseSearchingTest" name="testSearchFunction" time="0.0">
    <ignored/>
  </testcase> <!-- testSearchFunction -->
</testsuite> <!-- GroupTest -->
