<?xml version="1.0" encoding="UTF-8"?>
<!-- Generated by org.testng.reporters.JUnitXMLReporter -->
<testsuite ignored="0" hostname="LTIN368296" failures="0" tests="3" name="ChromeTest" time="249.705" errors="0" timestamp="2024-11-10T17:43:34 IST">
  <testcase classname="testCases.TC001_CourseSearchingTest" name="testSearchFunction" time="49.975"/>
  <testcase classname="testCases.TC002_CourseCountTest" name="testFilterFunction" time="41.248"/>
  <testcase classname="testCases.TC003_ErrorMessageTest" name="testErrorMessage" time="35.982"/>
</testsuite> <!-- ChromeTest -->
