<?xml version="1.0" encoding="UTF-8"?>
<!-- Generated by org.testng.reporters.JUnitXMLReporter -->
<testsuite ignored="0" hostname="LTIN368296" failures="0" tests="3" name="Test" time="134.645" errors="0" timestamp="2024-11-10T19:09:51 IST">
  <testcase classname="testCases.TC001_CourseSearchingTest" name="testSearchFunction" time="29.524"/>
  <testcase classname="testCases.TC002_CourseCountTest" name="testFilterFunction" time="39.374"/>
  <testcase classname="testCases.TC003_ErrorMessageTest" name="testErrorMessage" time="12.037"/>
</testsuite> <!-- Test -->
