<?xml version="1.0" encoding="UTF-8"?>
<!-- Generated by org.testng.reporters.JUnitXMLReporter -->
<testsuite ignored="0" hostname="LTIN368296" failures="0" tests="6" name="ChromeTest" time="57.475" errors="0" timestamp="2024-11-07T17:44:00 IST">
  <testcase classname="testNGTrigger.TestSearch" name="testHomePage" time="2.786"/>
  <testcase classname="testNGTrigger.TestSearch" name="testSearchBar" time="7.372"/>
  <testcase classname="testNGTrigger.TestSearch" name="testFilters" time="3.547"/>
  <testcase classname="testNGTrigger.TestSearch" name="getCourseDetails" time="1.425"/>
  <testcase classname="testNGTrigger.TestSearch" name="testBusiness" time="14.169"/>
  <testcase classname="testNGTrigger.TestSearch" name="errorMessage" time="1.099"/>
</testsuite> <!-- ChromeTest -->
