<?xml version="1.0" encoding="UTF-8"?>
<!-- Generated by org.testng.reporters.JUnitXMLReporter -->
<testsuite ignored="0" hostname="LTIN368296" failures="0" tests="6" name="EdgeTest" time="122.145" errors="0" timestamp="2024-11-07T17:43:02 IST">
  <testcase classname="testNGTrigger.TestSearch" name="testHomePage" time="23.599"/>
  <testcase classname="testNGTrigger.TestSearch" name="testSearchBar" time="15.507"/>
  <testcase classname="testNGTrigger.TestSearch" name="testFilters" time="10.566"/>
  <testcase classname="testNGTrigger.TestSearch" name="getCourseDetails" time="1.495"/>
  <testcase classname="testNGTrigger.TestSearch" name="testBusiness" time="21.493"/>
  <testcase classname="testNGTrigger.TestSearch" name="errorMessage" time="0.852"/>
</testsuite> <!-- EdgeTest -->
