<?xml version="1.0" encoding="UTF-8"?>
<!-- Generated by org.testng.reporters.JUnitXMLReporter -->
<testsuite ignored="0" hostname="LTIN368296" failures="0" tests="3" name="Test" time="151.736" errors="0" timestamp="2024-11-11T10:01:41 IST">
  <testcase classname="testCases.TC001_CourseSearchingTest" name="testSearchFunction" time="10.904"/>
  <testcase classname="testCases.TC002_CourseCountTest" name="testFilterFunction" time="35.849"/>
  <testcase classname="testCases.TC003_ErrorMessageTest" name="testErrorMessage" time="14.703"/>
</testsuite> <!-- Test -->
