<?xml version="1.0" encoding="UTF-8"?>
<!-- Generated by org.testng.reporters.JUnitXMLReporter -->
<testsuite ignored="0" hostname="LTIN368296" failures="0" tests="3" name="EdgeSeriesTest" time="84.526" errors="0" timestamp="2024-11-10T20:14:12 IST">
  <testcase classname="testCases.TC001_CourseSearchingTest" name="testSearchFunction" time="12.058"/>
  <testcase classname="testCases.TC002_CourseCountTest" name="testFilterFunction" time="10.352"/>
  <testcase classname="testCases.TC003_ErrorMessageTest" name="testErrorMessage" time="10.653"/>
</testsuite> <!-- EdgeSeriesTest -->
