<?xml version="1.0" encoding="UTF-8"?>
<testng-results ignored="0" total="1" passed="1" failed="0" skipped="0">
  <reporter-output>
  </reporter-output>
  <suite started-at="2024-11-10T20:20:20 IST" name="Failed suite [Parallel Suite]" finished-at="2024-11-10T20:20:46 IST" duration-ms="26170">
    <groups>
      <group name="Master">
        <method signature="TC002_CourseCountTest.testFilterFunction()[pri:0, instance:testCases.TC002_CourseCountTest@689604d9]" name="testFilterFunction" class="testCases.TC002_CourseCountTest"/>
      </group> <!-- Master -->
      <group name="Regression">
        <method signature="TC002_CourseCountTest.testFilterFunction()[pri:0, instance:testCases.TC002_CourseCountTest@689604d9]" name="testFilterFunction" class="testCases.TC002_CourseCountTest"/>
      </group> <!-- Regression -->
    </groups>
    <test started-at="2024-11-10T20:20:20 IST" name="ChromeParallelTest(failed)" finished-at="2024-11-10T20:20:46 IST" duration-ms="26170">
      <class name="testCases.TC002_CourseCountTest">
        <test-method is-config="true" signature="fireUp(java.lang.String)[pri:0, instance:testCases.TC002_CourseCountTest@689604d9]" started-at="2024-11-10T20:20:20 IST" name="fireUp" finished-at="2024-11-10T20:20:35 IST" duration-ms="14861" status="PASS">
          <params>
            <param index="0">
              <value>
                <![CDATA[chrome]]>
              </value>
            </param>
          </params>
          <reporter-output>
          </reporter-output>
        </test-method> <!-- fireUp -->
        <test-method signature="testFilterFunction()[pri:0, instance:testCases.TC002_CourseCountTest@689604d9]" started-at="2024-11-10T20:20:35 IST" name="testFilterFunction" finished-at="2024-11-10T20:20:44 IST" duration-ms="9128" status="PASS">
          <reporter-output>
          </reporter-output>
        </test-method> <!-- testFilterFunction -->
        <test-method is-config="true" signature="coolDown()[pri:0, instance:testCases.TC002_CourseCountTest@689604d9]" started-at="2024-11-10T20:20:45 IST" name="coolDown" finished-at="2024-11-10T20:20:46 IST" duration-ms="1820" status="PASS">
          <reporter-output>
          </reporter-output>
        </test-method> <!-- coolDown -->
      </class> <!-- testCases.TC002_CourseCountTest -->
    </test> <!-- ChromeParallelTest(failed) -->
  </suite> <!-- Failed suite [Parallel Suite] -->
</testng-results>
